[0mGET /css/bootstrap.min.css [33m404[0m 3.756 ms - 160[0m
[0mGET / [32m200[0m 82.161 ms - 8012[0m
[0mGET /css/chatbox.css [33m404[0m 31.460 ms - 154[0m
[0mGET /css/chatbox.css [33m404[0m 6.826 ms - 154[0m
[0mGET /users/sign-in [32m200[0m 11.516 ms - 6812[0m
[0mGET /users/css/header.css [33m404[0m 8.500 ms - 159[0m
[0mGET /users/css/layout.css [33m404[0m 16.625 ms - 159[0m
[0mGET /users/css/footer.css [33m404[0m 9.005 ms - 159[0m
[0mGET /users/css/login.css [33m404[0m 9.552 ms - 158[0m
[0mGET /users/js/login.js [33m404[0m 8.225 ms - 156[0m
[0mGET /users/images/userImage.com.png [33m404[0m 4.902 ms - 169[0m
[0mGET /users/sign-in [36m304[0m 5.147 ms - -[0m
[0mGET /users/css/layout.css [33m404[0m 14.183 ms - 159[0m
[0mGET /users/css/header.css [33m404[0m 16.447 ms - 159[0m
[0mGET /users/css/footer.css [33m404[0m 17.554 ms - 159[0m
[0mGET /users/css/login.css [33m404[0m 14.353 ms - 158[0m
[0mGET /users/js/login.js [33m404[0m 6.094 ms - 156[0m
[0mGET /users/css/layout.css [33m404[0m 11.458 ms - 159[0m
[0mGET /users/css/header.css [33m404[0m 10.784 ms - 159[0m
[0mGET /users/css/footer.css [33m404[0m 8.814 ms - 159[0m
[0mGET /users/images/userImage.com.png [33m404[0m 2.491 ms - 169[0m
[0mGET /users/css/login.css [33m404[0m 5.160 ms - 158[0m
[0mGET /users/sign-in [36m304[0m 6.511 ms - -[0m
[0mGET /users/css/header.css [33m404[0m 14.787 ms - 159[0m
[0mGET /users/css/layout.css [33m404[0m 15.878 ms - 159[0m
[0mGET /users/css/footer.css [33m404[0m 14.631 ms - 159[0m
[0mGET /users/css/login.css [33m404[0m 14.095 ms - 158[0m
[0mGET /users/js/login.js [33m404[0m 6.565 ms - 156[0m
[0mGET /users/images/userImage.com.png [33m404[0m 4.308 ms - 169[0m
[0mGET /users/css/layout.css [33m404[0m 8.297 ms - 159[0m
[0mGET /users/css/header.css [33m404[0m 6.761 ms - 159[0m
[0mGET /users/css/footer.css [33m404[0m 13.758 ms - 159[0m
[0mGET /users/css/login.css [33m404[0m 3.017 ms - 158[0m
[0mPOST /users/create-session [36m302[0m 10.016 ms - 46[0m
[0mGET / [32m200[0m 35.526 ms - 12046[0m
[0mGET /css/chatbox.css [33m404[0m 14.114 ms - 154[0m
[0mPOST /posts/create [32m200[0m 59.721 ms - 351[0m
[0mPOST /likes/toggle/?id=64beba073573c7579e78e809&type=Post [32m200[0m 23.748 ms - 57[0m
[0mPOST /likes/toggle/?id=64beba073573c7579e78e809&type=Post [32m200[0m 16.556 ms - 56[0m
[0mPOST /likes/toggle/?id=64beba073573c7579e78e809&type=Post [32m200[0m 19.765 ms - 57[0m
[0mPOST /comments/create [32m200[0m 37.068 ms - 413[0m
[0mPOST /likes/toggle/?id=64beba103573c7579e78e823&type=Comment [32m200[0m 22.508 ms - 57[0m
[0mGET / [32m200[0m 55.358 ms - 15761[0m
[0mGET /css/chatbox.css [33m404[0m 5.804 ms - 154[0m
[0mGET /css/chatbox.css [33m404[0m 11.633 ms - 154[0m
[0mGET / [36m304[0m 66.016 ms - -[0m
[0mGET /css/chatbox.css [33m404[0m 10.332 ms - 154[0m
[0mGET /users/profile/64593a53744103d170736dfb [32m200[0m 15.884 ms - 4599[0m
[0mGET /users/profile/css/layout.css [33m404[0m 17.931 ms - 167[0m
[0mGET /users/profile/css/footer.css [33m404[0m 18.261 ms - 167[0m
[0mGET /users/profile/css/header.css [33m404[0m 18.808 ms - 167[0m
[0mGET /users/profile/css/user_profile.css [33m404[0m 22.536 ms - 173[0m
[0mGET /users/profile/images/link-up-low-resolution-logo-black-on-white-background.png [33m404[0m 10.476 ms - 217[0m
[0mGET /users/profile/js/toggle_likes.js [33m404[0m 10.417 ms - 171[0m
[0mGET /users/profile/6485b44969f1228f7e737ddc [32m200[0m 15.092 ms - 4962[0m
[0mGET /users/profile/css/layout.css [33m404[0m 16.285 ms - 167[0m
[0mGET /users/profile/css/header.css [33m404[0m 13.114 ms - 167[0m
[0mGET /users/profile/css/footer.css [33m404[0m 13.544 ms - 167[0m
[0mGET /users/profile/css/user_profile.css [33m404[0m 16.805 ms - 173[0m
[0mGET /users/profile/js/toggle_likes.js [33m404[0m 6.974 ms - 171[0m
[0mGET /users/profile/images/link-up-low-resolution-logo-black-on-white-background.png [33m404[0m 6.726 ms - 217[0m
[0mGET / [36m304[0m 36.127 ms - -[0m
[0mGET /css/chatbox.css [33m404[0m 10.073 ms - 154[0m
[0mGET /css/chatbox.css [33m404[0m 9.524 ms - 154[0m
[0mGET /posts/destroy/64beba073573c7579e78e809 [36m302[0m 22.141 ms - 88[0m
[0mGET / [32m200[0m 51.867 ms - 12061[0m
[0mGET /css/chatbox.css [33m404[0m 12.324 ms - 154[0m
[0mGET /css/chatbox.css [33m404[0m 11.748 ms - 154[0m
[0mGET / [32m200[0m 53.340 ms - 11752[0m
[0mGET /css/chatbox.css [33m404[0m 24.542 ms - 154[0m
[0mGET /css/chatbox.css [33m404[0m 6.077 ms - 154[0m
[0mGET /users/profile/64593a53744103d170736dfb [36m304[0m 11.263 ms - -[0m
[0mGET /users/profile/css/layout.css [33m404[0m 17.358 ms - 167[0m
[0mGET /users/profile/css/header.css [33m404[0m 15.390 ms - 167[0m
[0mGET /users/profile/css/footer.css [33m404[0m 15.508 ms - 167[0m
[0mGET /users/profile/css/user_profile.css [33m404[0m 16.900 ms - 173[0m
[0mGET /users/profile/js/toggle_likes.js [33m404[0m 5.853 ms - 171[0m
[0mGET /users/profile/images/link-up-low-resolution-logo-black-on-white-background.png [33m404[0m 10.201 ms - 217[0m
[0mGET /users/profile/css/user_profile.css [33m404[0m 12.487 ms - 173[0m
[0mGET /users/sign-out [36m302[0m 26.335 ms - 46[0m
[0mGET / [32m200[0m 36.922 ms - 8304[0m
[0mGET /css/chatbox.css [33m404[0m 6.531 ms - 154[0m
[0mGET /css/chatbox.css [33m404[0m 5.059 ms - 154[0m
[0mGET /users/sign-in [36m304[0m 14.437 ms - -[0m
[0mGET /users/css/layout.css [33m404[0m 13.990 ms - 159[0m
[0mGET /users/css/header.css [33m404[0m 13.709 ms - 159[0m
[0mGET /users/css/footer.css [33m404[0m 13.650 ms - 159[0m
[0mGET /users/css/login.css [33m404[0m 14.546 ms - 158[0m
[0mGET /users/js/login.js [33m404[0m 3.719 ms - 156[0m
[0mGET /users/images/userImage.com.png [33m404[0m 3.576 ms - 169[0m
[0mGET /users/css/login.css [33m404[0m 5.533 ms - 158[0m
[0mGET /users/sign-in [36m304[0m 5.755 ms - -[0m
[0mGET /users/css/layout.css [33m404[0m 6.321 ms - 159[0m
[0mGET /users/css/header.css [33m404[0m 6.794 ms - 159[0m
[0mGET /users/css/footer.css [33m404[0m 7.221 ms - 159[0m
[0mGET /users/css/login.css [33m404[0m 8.513 ms - 158[0m
[0mGET /users/js/login.js [33m404[0m 1.983 ms - 156[0m
[0mGET /users/css/layout.css [33m404[0m 6.388 ms - 159[0m
[0mGET /users/css/header.css [33m404[0m 6.092 ms - 159[0m
[0mGET /users/css/footer.css [33m404[0m 4.223 ms - 159[0m
[0mGET /users/images/userImage.com.png [33m404[0m 3.040 ms - 169[0m
[0mGET /users/css/login.css [33m404[0m 7.142 ms - 158[0m
[0mGET /users/sign-in [32m200[0m 17.940 ms - 6811[0m
[0mGET /users/css/bootstrap.min.css [33m404[0m 13.787 ms - 166[0m
[0mGET /users/css/layout.css [33m404[0m 10.717 ms - 159[0m
[0mGET /users/css/header.css [33m404[0m 16.783 ms - 159[0m
[0mGET /users/css/footer.css [33m404[0m 8.494 ms - 159[0m
[0mGET /users/css/login.css [33m404[0m 13.717 ms - 158[0m
[0mGET /users/js/login.js [33m404[0m 2.142 ms - 156[0m
[0mGET /users/images/userImage.com.png [33m404[0m 3.860 ms - 169[0m
[0mGET /users/css/login.css [33m404[0m 7.671 ms - 158[0m
[0mGET /users/sign-in [36m304[0m 8.436 ms - -[0m
[0mGET /users/css/bootstrap.min.css [33m404[0m 9.149 ms - 166[0m
[0mGET /users/css/layout.css [33m404[0m 9.299 ms - 159[0m
[0mGET /users/css/header.css [33m404[0m 8.490 ms - 159[0m
[0mGET /users/css/footer.css [33m404[0m 11.282 ms - 159[0m
[0mGET /users/css/login.css [33m404[0m 11.321 ms - 158[0m
[0mGET /users/css/layout.css [33m404[0m 6.412 ms - 159[0m
[0mGET /users/js/login.js [33m404[0m 3.675 ms - 156[0m
[0mGET /users/images/userImage.com.png [33m404[0m 4.349 ms - 169[0m
[0mGET /users/css/login.css [33m404[0m 3.137 ms - 158[0m
[0mPOST /users/create-session [36m302[0m 33.765 ms - 46[0m
[0mGET / [32m200[0m 67.478 ms - 12045[0m
[0mGET /css/chatbox.css [33m404[0m 32.501 ms - 154[0m
[0mGET /css/chatbox.css [33m404[0m 10.793 ms - 154[0m
[0mGET /users/profile/64593a53744103d170736dfb [32m200[0m 19.600 ms - 4598[0m
[0mGET /users/profile/css/bootstrap.min.css [33m404[0m 31.315 ms - 174[0m
[0mGET /users/profile/css/header.css [33m404[0m 22.768 ms - 167[0m
[0mGET /users/profile/css/footer.css [33m404[0m 22.701 ms - 167[0m
[0mGET /users/profile/css/layout.css [33m404[0m 23.266 ms - 167[0m
[0mGET /users/profile/css/user_profile.css [33m404[0m 26.084 ms - 173[0m
[0mGET /users/profile/js/toggle_likes.js [33m404[0m 15.796 ms - 171[0m
[0mGET /users/profile/css/user_profile.css [33m404[0m 15.764 ms - 173[0m
[0mGET /users/profile/images/link-up-low-resolution-logo-black-on-white-background.png [33m404[0m 15.750 ms - 217[0m
[0mGET / [32m200[0m 64.949 ms - 11777[0m
[0mGET /undefined [33m404[0m 29.359 ms - 148[0m
[0mGET /css/layout-fe863ef1ec.css [33m404[0m 26.608 ms - 164[0m
[0mGET /css/header-97c42708ce.css [33m404[0m 18.094 ms - 164[0m
[0mGET /css/footer-04e9a09be9.css [33m404[0m 18.059 ms - 164[0m
[0mGET /css/home-2b52501b97.css [33m404[0m 18.559 ms - 162[0m
[0mGET /css/chat_box-7e9052bd9f.css [33m404[0m 27.459 ms - 166[0m
[0mGET /undefined [33m404[0m 3.483 ms - 148[0m
[0mGET /images/link-up-low-resolution-logo-black-on-white-background-83f7f0faa9.png [33m404[0m 6.076 ms - 214[0m
[0mGET /images/pngwing-d21843cca2.com.png [33m404[0m 6.203 ms - 172[0m
[0mGET /css/home-2b52501b97.css [33m404[0m 14.716 ms - 162[0m
[0mGET /css/chat_box-7e9052bd9f.css [33m404[0m 14.466 ms - 166[0m
[0mGET /undefined [33m404[0m 16.089 ms - 148[0m
[0mGET /undefined [33m404[0m 6.848 ms - 148[0m
[0mGET /undefined [33m404[0m 6.969 ms - 148[0m
[0mGET /undefined [33m404[0m 6.726 ms - 148[0m
[0mGET /undefined [33m404[0m 6.686 ms - 148[0m
[0mGET / [36m304[0m 42.300 ms - -[0m
[0mGET /undefined [33m404[0m 32.965 ms - 148[0m
[0mGET /css/layout-fe863ef1ec.css [33m404[0m 31.694 ms - 164[0m
[0mGET /css/footer-04e9a09be9.css [33m404[0m 25.081 ms - 164[0m
[0mGET /css/header-97c42708ce.css [33m404[0m 24.365 ms - 164[0m
[0mGET /css/home-2b52501b97.css [33m404[0m 32.629 ms - 162[0m
[0mGET /css/chat_box-7e9052bd9f.css [33m404[0m 33.725 ms - 166[0m
[0mGET /undefined [33m404[0m 20.524 ms - 148[0m
[0mGET /images/link-up-low-resolution-logo-black-on-white-background-83f7f0faa9.png [33m404[0m 21.222 ms - 214[0m
[0mGET /images/pngwing-d21843cca2.com.png [33m404[0m 17.698 ms - 172[0m
[0mGET /undefined [33m404[0m 6.458 ms - 148[0m
[0mGET /undefined [33m404[0m 7.500 ms - 148[0m
[0mGET /undefined [33m404[0m 7.942 ms - 148[0m
[0mGET /undefined [33m404[0m 7.122 ms - 148[0m
[0mGET /undefined [33m404[0m 8.572 ms - 148[0m
[0mGET /undefined [33m404[0m 5.925 ms - 148[0m
[0mGET / [36m304[0m 39.602 ms - -[0m
[0mGET /undefined [33m404[0m 27.284 ms - 148[0m
[0mGET /css/footer-04e9a09be9.css [33m404[0m 18.302 ms - 164[0m
[0mGET /css/home-2b52501b97.css [33m404[0m 18.329 ms - 162[0m
[0mGET /css/chat_box-7e9052bd9f.css [33m404[0m 18.843 ms - 166[0m
[0mGET /css/layout-fe863ef1ec.css [33m404[0m 20.809 ms - 164[0m
[0mGET /css/header-97c42708ce.css [33m404[0m 21.389 ms - 164[0m
[0mGET /undefined [33m404[0m 20.823 ms - 148[0m
[0mGET /images/link-up-low-resolution-logo-black-on-white-background-83f7f0faa9.png [33m404[0m 25.078 ms - 214[0m
[0mGET /css/home-2b52501b97.css [33m404[0m 23.864 ms - 162[0m
[0mGET /css/chat_box-7e9052bd9f.css [33m404[0m 23.739 ms - 166[0m
[0mGET /undefined [33m404[0m 16.435 ms - 148[0m
[0mGET /images/pngwing-d21843cca2.com.png [33m404[0m 18.354 ms - 172[0m
[0mGET /undefined [33m404[0m 9.451 ms - 148[0m
[0mGET /undefined [33m404[0m 6.836 ms - 148[0m
[0mGET /undefined [33m404[0m 9.805 ms - 148[0m
[0mGET /undefined [33m404[0m 6.546 ms - 148[0m
[0mGET /undefined [33m404[0m 6.143 ms - 148[0m
[0mGET / [36m304[0m 33.901 ms - -[0m
[0mGET /undefined [33m404[0m 30.748 ms - 148[0m
[0mGET /css/layout-fe863ef1ec.css [33m404[0m 24.573 ms - 164[0m
[0mGET /css/home-2b52501b97.css [33m404[0m 26.046 ms - 162[0m
[0mGET /css/footer-04e9a09be9.css [33m404[0m 25.392 ms - 164[0m
[0mGET /css/header-97c42708ce.css [33m404[0m 22.062 ms - 164[0m
[0mGET /css/chat_box-7e9052bd9f.css [33m404[0m 22.166 ms - 166[0m
[0mGET /undefined [33m404[0m 9.034 ms - 148[0m
[0mGET /images/link-up-low-resolution-logo-black-on-white-background-83f7f0faa9.png [33m404[0m 20.440 ms - 214[0m
[0mGET /css/home-2b52501b97.css [33m404[0m 16.870 ms - 162[0m
[0mGET /css/chat_box-7e9052bd9f.css [33m404[0m 22.738 ms - 166[0m
[0mGET /undefined [33m404[0m 15.427 ms - 148[0m
[0mGET /images/pngwing-d21843cca2.com.png [33m404[0m 18.145 ms - 172[0m
[0mGET /undefined [33m404[0m 6.629 ms - 148[0m
[0mGET /undefined [33m404[0m 6.390 ms - 148[0m
[0mGET /undefined [33m404[0m 8.842 ms - 148[0m
[0mGET /undefined [33m404[0m 15.951 ms - 148[0m
[0mGET /undefined [33m404[0m 6.198 ms - 148[0m
[0mGET / [36m304[0m 39.493 ms - -[0m
[0mGET /undefined [33m404[0m 29.796 ms - 148[0m
[0mGET /css/layout-fe863ef1ec.css [33m404[0m 19.662 ms - 164[0m
[0mGET /css/header-97c42708ce.css [33m404[0m 20.218 ms - 164[0m
[0mGET /css/home-2b52501b97.css [33m404[0m 20.879 ms - 162[0m
[0mGET /css/footer-04e9a09be9.css [33m404[0m 22.938 ms - 164[0m
[0mGET /css/chat_box-7e9052bd9f.css [33m404[0m 21.880 ms - 166[0m
[0mGET /undefined [33m404[0m 6.983 ms - 148[0m
[0mGET /images/link-up-low-resolution-logo-black-on-white-background-83f7f0faa9.png [33m404[0m 19.108 ms - 214[0m
[0mGET /css/home-2b52501b97.css [33m404[0m 16.546 ms - 162[0m
[0mGET /css/chat_box-7e9052bd9f.css [33m404[0m 17.279 ms - 166[0m
[0mGET /undefined [33m404[0m 19.442 ms - 148[0m
[0mGET /images/pngwing-d21843cca2.com.png [33m404[0m 16.766 ms - 172[0m
[0mGET /undefined [33m404[0m 8.239 ms - 148[0m
[0mGET /undefined [33m404[0m 6.238 ms - 148[0m
[0mGET /undefined [33m404[0m 9.199 ms - 148[0m
[0mGET /undefined [33m404[0m 6.318 ms - 148[0m
[0mGET /undefined [33m404[0m 4.433 ms - 148[0m
[0mGET / [36m304[0m 38.642 ms - -[0m
[0mGET /undefined [33m404[0m 28.535 ms - 148[0m
[0mGET /css/footer-04e9a09be9.css [33m404[0m 24.196 ms - 164[0m
[0mGET /css/header-97c42708ce.css [33m404[0m 23.930 ms - 164[0m
[0mGET /css/layout-fe863ef1ec.css [33m404[0m 23.170 ms - 164[0m
[0mGET /css/home-2b52501b97.css [33m404[0m 29.515 ms - 162[0m
[0mGET /css/chat_box-7e9052bd9f.css [33m404[0m 30.074 ms - 166[0m
[0mGET /undefined [33m404[0m 11.781 ms - 148[0m
[0mGET /images/link-up-low-resolution-logo-black-on-white-background-83f7f0faa9.png [33m404[0m 14.047 ms - 214[0m
[0mGET /images/pngwing-d21843cca2.com.png [33m404[0m 13.630 ms - 172[0m
[0mGET /undefined [33m404[0m 6.238 ms - 148[0m
[0mGET /undefined [33m404[0m 7.924 ms - 148[0m
[0mGET /undefined [33m404[0m 4.625 ms - 148[0m
[0mGET /undefined [33m404[0m 5.984 ms - 148[0m
[0mGET /undefined [33m404[0m 6.006 ms - 148[0m
[0mGET /undefined [33m404[0m 6.651 ms - 148[0m
[0mGET / [36m304[0m 39.271 ms - -[0m
[0mGET /undefined [33m404[0m 28.500 ms - 148[0m
[0mGET /css/layout-fe863ef1ec.css [33m404[0m 18.324 ms - 164[0m
[0mGET /css/header-97c42708ce.css [33m404[0m 19.094 ms - 164[0m
[0mGET /css/footer-04e9a09be9.css [33m404[0m 19.457 ms - 164[0m
[0mGET /css/home-2b52501b97.css [33m404[0m 21.046 ms - 162[0m
[0mGET /css/chat_box-7e9052bd9f.css [33m404[0m 22.266 ms - 166[0m
[0mGET /undefined [33m404[0m 11.471 ms - 148[0m
[0mGET /images/link-up-low-resolution-logo-black-on-white-background-83f7f0faa9.png [33m404[0m 13.435 ms - 214[0m
[0mGET /images/pngwing-d21843cca2.com.png [33m404[0m 16.041 ms - 172[0m
[0mGET /undefined [33m404[0m 5.601 ms - 148[0m
[0mGET /undefined [33m404[0m 4.507 ms - 148[0m
[0mGET /undefined [33m404[0m 7.028 ms - 148[0m
[0mGET /undefined [33m404[0m 4.591 ms - 148[0m
[0mGET /undefined [33m404[0m 4.715 ms - 148[0m
[0mGET /undefined [33m404[0m 6.958 ms - 148[0m
[0mGET / [36m304[0m 38.938 ms - -[0m
[0mGET /undefined [33m404[0m 27.729 ms - 148[0m
[0mGET /css/footer-04e9a09be9.css [33m404[0m 26.494 ms - 164[0m
[0mGET /css/layout-fe863ef1ec.css [33m404[0m 19.158 ms - 164[0m
[0mGET /css/header-97c42708ce.css [33m404[0m 19.940 ms - 164[0m
[0mGET /css/home-2b52501b97.css [33m404[0m 24.682 ms - 162[0m
[0mGET /css/chat_box-7e9052bd9f.css [33m404[0m 16.097 ms - 166[0m
[0mGET /undefined [33m404[0m 13.121 ms - 148[0m
[0mGET /images/link-up-low-resolution-logo-black-on-white-background-83f7f0faa9.png [33m404[0m 12.727 ms - 214[0m
[0mGET /images/pngwing-d21843cca2.com.png [33m404[0m 13.811 ms - 172[0m
[0mGET /undefined [33m404[0m 7.852 ms - 148[0m
[0mGET /undefined [33m404[0m 6.623 ms - 148[0m
[0mGET /undefined [33m404[0m 6.779 ms - 148[0m
[0mGET /undefined [33m404[0m 5.557 ms - 148[0m
[0mGET /undefined [33m404[0m 5.415 ms - 148[0m
[0mGET /undefined [33m404[0m 6.848 ms - 148[0m
[0mGET /users/css/bootstrap.min.css [33m404[0m 13.035 ms - 166[0m
[0mGET /users/css/layout.css [33m404[0m 25.241 ms - 159[0m
[0mGET /users/css/header.css [33m404[0m 17.456 ms - 159[0m
[0mGET /users/css/footer.css [33m404[0m 17.472 ms - 159[0m
[0mGET /users/css/login.css [33m404[0m 19.371 ms - 158[0m
[0mGET /users/js/login.js [33m404[0m 6.309 ms - 156[0m
[0mGET /users/css/login.css [33m404[0m 10.387 ms - 158[0m
[0mPOST /users/create-session [36m302[0m 17.802 ms - 46[0m
[0mGET / [32m200[0m 34.883 ms - 12071[0m
[0mGET /undefined [33m404[0m 27.222 ms - 148[0m
[0mGET /css/layout-fe863ef1ec.css [33m404[0m 19.630 ms - 164[0m
[0mGET /css/header-97c42708ce.css [33m404[0m 19.384 ms - 164[0m
[0mGET /css/footer-04e9a09be9.css [33m404[0m 19.587 ms - 164[0m
[0mGET /css/home-2b52501b97.css [33m404[0m 19.134 ms - 162[0m
[0mGET /css/chat_box-7e9052bd9f.css [33m404[0m 20.865 ms - 166[0m
[0mGET /undefined [33m404[0m 13.410 ms - 148[0m
[0mGET /images/link-up-low-resolution-logo-black-on-white-background-83f7f0faa9.png [33m404[0m 13.715 ms - 214[0m
[0mGET /images/pngwing-d21843cca2.com.png [33m404[0m 13.146 ms - 172[0m
[0mGET /undefined [33m404[0m 6.513 ms - 148[0m
[0mGET /undefined [33m404[0m 6.829 ms - 148[0m
[0mGET /undefined [33m404[0m 5.739 ms - 148[0m
[0mGET /undefined [33m404[0m 4.950 ms - 148[0m
[0mGET /undefined [33m404[0m 8.438 ms - 148[0m
[0mGET /undefined [33m404[0m 5.886 ms - 148[0m
[0mGET / [32m200[0m 62.667 ms - 11751[0m
[0mGET /css/chatbox.css [33m404[0m 21.045 ms - 154[0m
[0mGET /css/chatbox.css [33m404[0m 9.411 ms - 154[0m
[0mGET /users/profile/64593a53744103d170736dfb [36m304[0m 12.011 ms - -[0m
[0mGET /users/profile/css/bootstrap.min.css [33m404[0m 14.760 ms - 174[0m
[0mGET /users/profile/css/layout.css [33m404[0m 17.918 ms - 167[0m
[0mGET /users/profile/css/header.css [33m404[0m 17.761 ms - 167[0m
[0mGET /users/profile/css/footer.css [33m404[0m 13.018 ms - 167[0m
[0mGET /users/profile/css/user_profile.css [33m404[0m 24.218 ms - 173[0m
[0mGET /users/profile/js/toggle_likes.js [33m404[0m 12.150 ms - 171[0m
[0mGET /users/profile/images/link-up-low-resolution-logo-black-on-white-background.png [33m404[0m 10.905 ms - 217[0m
[0mGET / [36m304[0m 34.116 ms - -[0m
[0mGET /css/chatbox.css [33m404[0m 10.397 ms - 154[0m
[0mGET /css/chatbox.css [33m404[0m 11.596 ms - 154[0m
[0mGET /users/profile/64593a53744103d170736dfb [36m304[0m 16.436 ms - -[0m
[0mGET /users/profile/css/bootstrap.min.css [33m404[0m 22.117 ms - 174[0m
[0mGET /users/profile/css/header.css [33m404[0m 23.917 ms - 167[0m
[0mGET /users/profile/css/layout.css [33m404[0m 21.989 ms - 167[0m
[0mGET /users/profile/css/footer.css [33m404[0m 24.993 ms - 167[0m
[0mGET /users/profile/css/user_profile.css [33m404[0m 22.585 ms - 173[0m
[0mGET /users/profile/css/user_profile.css [33m404[0m 16.197 ms - 173[0m
[0mGET /users/profile/js/toggle_likes.js [33m404[0m 15.709 ms - 171[0m
[0mGET /users/profile/images/link-up-low-resolution-logo-black-on-white-background.png [33m404[0m 18.182 ms - 217[0m
[0mGET /users/profile/css/bootstrap.min.css [33m404[0m 13.686 ms - 174[0m
[0mGET /users/profile/css/layout.css [33m404[0m 15.154 ms - 167[0m
[0mGET /users/profile/css/header.css [33m404[0m 17.925 ms - 167[0m
[0mGET /users/profile/css/footer.css [33m404[0m 18.526 ms - 167[0m
[0mGET /users/profile/css/user_profile.css [33m404[0m 18.855 ms - 173[0m
[0mGET /css/bootstrap.min.css.map [33m404[0m 8.160 ms - 164[0m
[0mGET /users/profile/6485b44969f1228f7e737ddc [32m200[0m 11.078 ms - 4961[0m
[0mGET /users/profile/css/bootstrap.min.css [33m404[0m 15.724 ms - 174[0m
[0mGET /users/profile/css/layout.css [33m404[0m 21.720 ms - 167[0m
[0mGET /users/profile/css/header.css [33m404[0m 15.837 ms - 167[0m
[0mGET /users/profile/css/footer.css [33m404[0m 17.513 ms - 167[0m
[0mGET /users/profile/css/user_profile.css [33m404[0m 17.815 ms - 173[0m
[0mGET /users/profile/js/toggle_likes.js [33m404[0m 5.716 ms - 171[0m
[0mGET /users/profile/images/link-up-low-resolution-logo-black-on-white-background.png [33m404[0m 7.421 ms - 217[0m
[0mGET /users/profile/css/user_profile.css [33m404[0m 11.847 ms - 173[0m
[0mGET /users/profile/css/layout.css [33m404[0m 8.582 ms - 167[0m
[0mGET /users/profile/css/bootstrap.min.css [33m404[0m 9.256 ms - 174[0m
[0mGET /users/profile/css/header.css [33m404[0m 2.199 ms - 167[0m
[0mGET /users/profile/css/footer.css [33m404[0m 2.739 ms - 167[0m
[0mGET /users/profile/css/user_profile.css [33m404[0m 3.375 ms - 173[0m
[0mGET /users/profile/js/toggle_likes.js [33m404[0m 6.909 ms - 171[0m
[0mGET /users/profile/images/link-up-low-resolution-logo-black-on-white-background.png [33m404[0m 3.798 ms - 217[0m
[0mGET /users/profile/css/user_profile.css [33m404[0m 3.956 ms - 173[0m
[0mGET /favicon.ico [33m404[0m 3.933 ms - 150[0m
[0mGET /users/profile/6485b44969f1228f7e737ddc [36m302[0m 6.499 ms - 72[0m
[0mGET /users/sign-in [36m304[0m 16.508 ms - -[0m
[0mGET /users/css/bootstrap.min.css [33m404[0m 6.575 ms - 166[0m
[0mGET /users/css/layout.css [33m404[0m 13.604 ms - 159[0m
[0mGET /users/css/header.css [33m404[0m 10.841 ms - 159[0m
[0mGET /users/css/footer.css [33m404[0m 9.204 ms - 159[0m
[0mGET /users/css/login.css [33m404[0m 9.131 ms - 158[0m
[0mGET /users/js/login.js [33m404[0m 4.179 ms - 156[0m
[0mGET /users/images/userImage.com.png [33m404[0m 3.665 ms - 169[0m
[0mGET /users/sign-in [36m304[0m 4.446 ms - -[0m
[0mGET /users/css/bootstrap.min.css [33m404[0m 4.701 ms - 166[0m
[0mGET /users/css/layout.css [33m404[0m 11.739 ms - 159[0m
[0mGET /users/css/header.css [33m404[0m 8.764 ms - 159[0m
[0mGET /users/css/footer.css [33m404[0m 8.021 ms - 159[0m
[0mGET /users/css/login.css [33m404[0m 9.247 ms - 158[0m
[0mGET /users/js/login.js [33m404[0m 5.059 ms - 156[0m
[0mGET /users/images/userImage.com.png [33m404[0m 5.735 ms - 169[0m
[0mGET /users/sign-in [36m304[0m 4.634 ms - -[0m
[0mGET /users/css/bootstrap.min.css [33m404[0m 11.447 ms - 166[0m
[0mGET /users/css/layout.css [33m404[0m 10.312 ms - 159[0m
[0mGET /users/css/header.css [33m404[0m 11.685 ms - 159[0m
[0mGET /users/css/footer.css [33m404[0m 11.905 ms - 159[0m
[0mGET /users/css/login.css [33m404[0m 14.141 ms - 158[0m
[0mGET /users/css/layout.css [33m404[0m 3.503 ms - 159[0m
[0mGET /users/js/login.js [33m404[0m 3.079 ms - 156[0m
[0mGET /users/images/userImage.com.png [33m404[0m 4.451 ms - 169[0m
[0mGET /users/css/login.css [33m404[0m 6.863 ms - 158[0m
[0mGET /users/sign-in [36m304[0m 2.926 ms - -[0m
[0mGET /users/css/bootstrap.min.css [33m404[0m 6.791 ms - 166[0m
[0mGET /users/css/layout.css [33m404[0m 6.922 ms - 159[0m
[0mGET /users/css/header.css [33m404[0m 7.464 ms - 159[0m
[0mGET /users/css/footer.css [33m404[0m 8.347 ms - 159[0m
[0mGET /users/css/login.css [33m404[0m 8.370 ms - 158[0m
[0mGET /users/js/login.js [33m404[0m 2.057 ms - 156[0m
[0mGET /users/css/layout.css [33m404[0m 3.059 ms - 159[0m
[0mGET /users/css/header.css [33m404[0m 3.127 ms - 159[0m
[0mGET /users/css/footer.css [33m404[0m 3.048 ms - 159[0m
[0mGET /users/images/userImage.com.png [33m404[0m 3.939 ms - 169[0m
[0mGET /users/css/login.css [33m404[0m 4.595 ms - 158[0m
[0mGET /users/sign-in [36m304[0m 5.108 ms - -[0m
[0mGET /users/css/bootstrap.min.css [33m404[0m 16.619 ms - 166[0m
[0mGET /users/css/layout.css [33m404[0m 11.098 ms - 159[0m
[0mGET /users/css/header.css [33m404[0m 9.915 ms - 159[0m
[0mGET /users/css/footer.css [33m404[0m 8.776 ms - 159[0m
[0mGET /users/css/login.css [33m404[0m 10.068 ms - 158[0m
[0mGET /users/images/userImage.com.png [33m404[0m 3.919 ms - 169[0m
[0mGET /users/js/login.js [33m404[0m 4.663 ms - 156[0m
[0mGET /users/css/login.css [33m404[0m 3.898 ms - 158[0m
[0mGET /users/sign-in [36m304[0m 6.662 ms - -[0m
[0mGET /users/css/bootstrap.min.css [33m404[0m 6.403 ms - 166[0m
[0mGET /users/css/layout.css [33m404[0m 10.064 ms - 159[0m
[0mGET /users/css/login.css [33m404[0m 7.050 ms - 158[0m
[0mGET /users/css/header.css [33m404[0m 6.659 ms - 159[0m
[0mGET /users/css/footer.css [33m404[0m 8.139 ms - 159[0m
[0mGET /users/js/login.js [33m404[0m 4.750 ms - 156[0m
[0mGET /users/images/userImage.com.png [33m404[0m 5.628 ms - 169[0m
[0mGET /users/css/login.css [33m404[0m 1.854 ms - 158[0m
[0mGET /users/sign-in [36m304[0m 4.049 ms - -[0m
[0mGET /users/css/bootstrap.min.css [33m404[0m 8.362 ms - 166[0m
[0mGET /users/css/layout.css [33m404[0m 8.149 ms - 159[0m
[0mGET /users/css/header.css [33m404[0m 9.009 ms - 159[0m
[0mGET /users/css/login.css [33m404[0m 14.948 ms - 158[0m
[0mGET /users/css/footer.css [33m404[0m 13.627 ms - 159[0m
[0mGET /users/css/layout.css [33m404[0m 5.176 ms - 159[0m
[0mGET /users/js/login.js [33m404[0m 6.265 ms - 156[0m
[0mGET /users/images/userImage.com.png [33m404[0m 6.668 ms - 169[0m
[0mGET /users/css/login.css [33m404[0m 5.081 ms - 158[0m
[0mGET /users/sign-in [36m304[0m 5.018 ms - -[0m
[0mGET /users/css/bootstrap.min.css [33m404[0m 7.079 ms - 166[0m
[0mGET /users/css/layout.css [33m404[0m 13.752 ms - 159[0m
[0mGET /users/css/header.css [33m404[0m 13.225 ms - 159[0m
[0mGET /users/css/footer.css [33m404[0m 2.556 ms - 159[0m
[0mGET /users/css/login.css [33m404[0m 3.986 ms - 158[0m
[0mGET /users/js/login.js [33m404[0m 4.617 ms - 156[0m
[0mGET /users/images/userImage.com.png [33m404[0m 3.254 ms - 169[0m
[0mGET /users/css/login.css [33m404[0m 3.200 ms - 158[0m
[0mGET / [32m200[0m 66.240 ms - 8011[0m
[0mGET /css/chatbox.css [33m404[0m 12.329 ms - 154[0m
[0mGET /css/chatbox.css [33m404[0m 5.679 ms - 154[0m
[0mGET /users/sign-in [36m304[0m 4.217 ms - -[0m
[0mGET /users/css/bootstrap.min.css [33m404[0m 9.049 ms - 166[0m
[0mGET /users/css/layout.css [33m404[0m 7.920 ms - 159[0m
[0mGET /users/css/header.css [33m404[0m 8.675 ms - 159[0m
[0mGET /users/css/footer.css [33m404[0m 13.739 ms - 159[0m
[0mGET /users/css/login.css [33m404[0m 7.034 ms - 158[0m
[0mGET /users/js/login.js [33m404[0m 4.503 ms - 156[0m
[0mGET /users/images/userImage.com.png [33m404[0m 4.264 ms - 169[0m
[0mGET /users/sign-in [36m304[0m 4.249 ms - -[0m
[0mGET /users/css/bootstrap.min.css [33m404[0m 11.906 ms - 166[0m
[0mGET /users/css/layout.css [33m404[0m 7.640 ms - 159[0m
[0mGET /users/css/header.css [33m404[0m 7.968 ms - 159[0m
[0mGET /users/css/footer.css [33m404[0m 7.887 ms - 159[0m
[0mGET /users/css/login.css [33m404[0m 9.559 ms - 158[0m
[0mGET /users/js/login.js [33m404[0m 2.672 ms - 156[0m
[0mGET /users/images/userImage.com.png [33m404[0m 3.563 ms - 169[0m
[0mGET /users/css/login.css [33m404[0m 5.788 ms - 158[0m
[0mGET /users/sign-in [36m304[0m 3.802 ms - -[0m
[0mGET /users/css/bootstrap.min.css [33m404[0m 5.093 ms - 166[0m
[0mGET /users/css/layout.css [33m404[0m 5.349 ms - 159[0m
[0mGET /users/css/header.css [33m404[0m 7.070 ms - 159[0m
[0mGET /users/css/footer.css [33m404[0m 5.866 ms - 159[0m
[0mGET /users/css/login.css [33m404[0m 7.465 ms - 158[0m
[0mGET /users/css/layout.css [33m404[0m 2.179 ms - 159[0m
[0mGET /users/js/login.js [33m404[0m 2.017 ms - 156[0m
[0mGET /users/images/userImage.com.png [33m404[0m 2.087 ms - 169[0m
[0mGET /users/css/login.css [33m404[0m 6.148 ms - 158[0m
[0mPOST /users/create-session [36m302[0m 14.545 ms - 46[0m
[0mGET / [32m200[0m 45.247 ms - 12045[0m
[0mGET /css/chatbox.css [33m404[0m 18.035 ms - 154[0m
[0mGET /css/chatbox.css [33m404[0m 13.738 ms - 154[0m
[0mGET / [32m200[0m 74.985 ms - 11751[0m
[0mGET /css/chatbox.css [33m404[0m 23.894 ms - 154[0m
[0mGET /css/chatbox.css [33m404[0m 13.684 ms - 154[0m
[0mGET /users/sign-out [36m302[0m 12.964 ms - 46[0m
[0mGET / [32m200[0m 16.006 ms - 8303[0m
[0mGET /css/chatbox.css [33m404[0m 3.987 ms - 154[0m
[0mGET /css/chatbox.css [33m404[0m 3.460 ms - 154[0m
[0mGET /users/sign-in [32m200[0m 10.673 ms - 6382[0m
[0mGET /users/css/bootstrap.min.css [33m404[0m 19.617 ms - 166[0m
[0mGET /users/css/header.css [33m404[0m 16.927 ms - 159[0m
[0mGET /users/css/footer.css [33m404[0m 18.723 ms - 159[0m
[0mGET /users/css/layout.css [33m404[0m 16.319 ms - 159[0m
[0mGET /users/css/login.css [33m404[0m 21.611 ms - 158[0m
[0mGET /users/js/login.js [33m404[0m 6.398 ms - 156[0m
[0mGET /users/images/userImage.com.png [33m404[0m 9.867 ms - 169[0m
[0mGET /users/sign-in [36m304[0m 7.136 ms - -[0m
[0mGET /users/css/bootstrap.min.css [33m404[0m 11.589 ms - 166[0m
[0mGET /users/css/layout.css [33m404[0m 17.716 ms - 159[0m
[0mGET /users/css/header.css [33m404[0m 15.007 ms - 159[0m
[0mGET /users/css/footer.css [33m404[0m 16.448 ms - 159[0m
[0mGET /users/css/login.css [33m404[0m 16.682 ms - 158[0m
[0mGET /users/js/login.js [33m404[0m 11.680 ms - 156[0m
[0mGET /users/css/login.css [33m404[0m 8.278 ms - 158[0m
[0mGET /users/images/userImage.com.png [33m404[0m 11.121 ms - 169[0m
[0mGET /users/sign-in [36m304[0m 15.896 ms - -[0m
[0mGET /users/css/bootstrap.min.css [33m404[0m 11.128 ms - 166[0m
[0mGET /users/css/layout.css [33m404[0m 7.052 ms - 159[0m
[0mGET /users/css/header.css [33m404[0m 6.908 ms - 159[0m
[0mGET /users/css/footer.css [33m404[0m 6.861 ms - 159[0m
[0mGET /users/css/login.css [33m404[0m 7.731 ms - 158[0m
[0mGET /users/js/login.js [33m404[0m 6.259 ms - 156[0m
[0mGET /users/css/login.css [33m404[0m 3.669 ms - 158[0m
[0mGET /users/images/userImage.com.png [33m404[0m 8.561 ms - 169[0m
[0mGET /users/sign-in [36m304[0m 4.624 ms - -[0m
[0mGET /users/css/bootstrap.min.css [33m404[0m 8.611 ms - 166[0m
[0mGET /users/css/layout.css [33m404[0m 8.524 ms - 159[0m
[0mGET /users/css/header.css [33m404[0m 9.405 ms - 159[0m
[0mGET /users/css/footer.css [33m404[0m 10.080 ms - 159[0m
[0mGET /users/css/login.css [33m404[0m 16.599 ms - 158[0m
[0mGET /users/css/layout.css [33m404[0m 2.619 ms - 159[0m
[0mGET /users/js/login.js [33m404[0m 6.128 ms - 156[0m
[0mGET /users/images/userImage.com.png [33m404[0m 5.736 ms - 169[0m
[0mGET /users/css/login.css [33m404[0m 7.192 ms - 158[0m
[0mPOST /users/create-session [36m302[0m 29.148 ms - 46[0m
[0mGET / [32m200[0m 67.277 ms - 12045[0m
[0mGET /css/chatbox.css [33m404[0m 24.607 ms - 154[0m
[0mGET /css/chatbox.css [33m404[0m 18.410 ms - 154[0m
[0mGET /users/sign-out [36m302[0m 49.128 ms - 46[0m
[0mGET / [32m200[0m 76.436 ms - 8303[0m
[0mGET /css/chatbox.css [33m404[0m 15.832 ms - 154[0m
[0mGET /css/chatbox.css [33m404[0m 7.215 ms - 154[0m
[0mGET /users/profile/64593a53744103d170736dfb [36m302[0m 5.476 ms - 72[0m
[0mGET /users/sign-in [36m304[0m 8.559 ms - -[0m
[0mGET /users/css/bootstrap.min.css [33m404[0m 19.574 ms - 166[0m
[0mGET /users/css/layout.css [33m404[0m 14.779 ms - 159[0m
[0mGET /users/css/header.css [33m404[0m 15.720 ms - 159[0m
[0mGET /users/css/footer.css [33m404[0m 14.399 ms - 159[0m
[0mGET /users/css/login.css [33m404[0m 17.424 ms - 158[0m
[0mGET /users/js/login.js [33m404[0m 6.026 ms - 156[0m
[0mGET /users/images/userImage.com.png [33m404[0m 7.374 ms - 169[0m
[0mGET /users/sign-in [36m304[0m 5.257 ms - -[0m
[0mGET /users/css/bootstrap.min.css [33m404[0m 12.927 ms - 166[0m
[0mGET /users/css/layout.css [33m404[0m 11.756 ms - 159[0m
[0mGET /users/css/footer.css [33m404[0m 14.300 ms - 159[0m
[0mGET /users/css/header.css [33m404[0m 11.764 ms - 159[0m
[0mGET /users/css/login.css [33m404[0m 11.898 ms - 158[0m
[0mGET /users/css/layout.css [33m404[0m 7.225 ms - 159[0m
[0mGET /users/js/login.js [33m404[0m 6.087 ms - 156[0m
[0mGET /users/images/userImage.com.png [33m404[0m 5.025 ms - 169[0m
[0mGET /users/css/login.css [33m404[0m 3.068 ms - 158[0m
[0mGET /users/sign-in [36m304[0m 3.643 ms - -[0m
[0mGET /users/css/bootstrap.min.css [33m404[0m 7.911 ms - 166[0m
[0mGET /users/css/header.css [33m404[0m 9.269 ms - 159[0m
[0mGET /users/css/footer.css [33m404[0m 8.984 ms - 159[0m
[0mGET /users/css/login.css [33m404[0m 15.065 ms - 158[0m
[0mGET /users/css/layout.css [33m404[0m 15.203 ms - 159[0m
[0mGET /users/css/header.css [33m404[0m 2.367 ms - 159[0m
[0mGET /users/css/footer.css [33m404[0m 4.450 ms - 159[0m
[0mGET /users/js/login.js [33m404[0m 3.020 ms - 156[0m
[0mGET /users/images/userImage.com.png [33m404[0m 3.182 ms - 169[0m
[0mGET /users/css/login.css [33m404[0m 2.626 ms - 158[0m
[0mGET /users/sign-in [36m304[0m 2.708 ms - -[0m
[0mGET /users/css/bootstrap.min.css [33m404[0m 6.598 ms - 166[0m
[0mGET /users/css/layout.css [33m404[0m 6.982 ms - 159[0m
[0mGET /users/css/footer.css [33m404[0m 8.090 ms - 159[0m
[0mGET /users/css/header.css [33m404[0m 6.762 ms - 159[0m
[0mGET /users/css/login.css [33m404[0m 5.222 ms - 158[0m
[0mGET /users/js/login.js [33m404[0m 6.309 ms - 156[0m
[0mGET /users/images/userImage.com.png [33m404[0m 5.768 ms - 169[0m
[0mGET /users/css/login.css [33m404[0m 7.690 ms - 158[0m
[0mPOST /users/create-session [36m302[0m 12.271 ms - 46[0m
[0mGET / [32m200[0m 48.000 ms - 12045[0m
[0mGET /css/chatbox.css [33m404[0m 15.465 ms - 154[0m
[0mGET /users/profile/64593a53744103d170736dfb [32m200[0m 22.819 ms - 4600[0m
[0mGET /users/profile/css/bootstrap.min.css [33m404[0m 30.626 ms - 174[0m
[0mGET /users/profile/css/layout.css [33m404[0m 23.594 ms - 167[0m
[0mGET /users/profile/css/header.css [33m404[0m 23.685 ms - 167[0m
[0mGET /users/profile/css/footer.css [33m404[0m 29.068 ms - 167[0m
[0mGET /users/profile/css/user_profile.css [33m404[0m 29.537 ms - 173[0m
[0mGET /users/profile/js/toggle_likes.js [33m404[0m 16.406 ms - 171[0m
[0mGET /users/profile/css/user_profile.css [33m404[0m 16.714 ms - 173[0m
[0mGET /users/profile/images/link-up-low-resolution-logo-black-on-white-background.png [33m404[0m 12.502 ms - 217[0m
[0mGET / [32m200[0m 32.447 ms - 11751[0m
[0mGET /css/chatbox.css [33m404[0m 5.715 ms - 154[0m
[0mGET /css/chatbox.css [33m404[0m 3.969 ms - 154[0m
[0mGET /users/profile/64593a53744103d170736dfb [36m304[0m 10.018 ms - -[0m
[0mGET /users/profile/css/bootstrap.min.css [33m404[0m 15.555 ms - 174[0m
[0mGET /users/profile/css/layout.css [33m404[0m 13.996 ms - 167[0m
[0mGET /users/profile/css/header.css [33m404[0m 15.672 ms - 167[0m
[0mGET /users/profile/css/user_profile.css [33m404[0m 24.875 ms - 173[0m
[0mGET /users/profile/css/footer.css [33m404[0m 22.715 ms - 167[0m
[0mGET /users/profile/js/toggle_likes.js [33m404[0m 10.800 ms - 171[0m
[0mGET /users/profile/css/user_profile.css [33m404[0m 6.005 ms - 173[0m
[0mGET /users/profile/images/link-up-low-resolution-logo-black-on-white-background.png [33m404[0m 4.620 ms - 217[0m
[0mGET /users/profile/64593a53744103d170736dfb [36m304[0m 14.925 ms - -[0m
[0mGET /users/profile/css/bootstrap.min.css [33m404[0m 35.399 ms - 174[0m
[0mGET /users/profile/css/layout.css [33m404[0m 33.729 ms - 167[0m
[0mGET /users/profile/css/header.css [33m404[0m 34.381 ms - 167[0m
[0mGET /users/profile/css/footer.css [33m404[0m 48.976 ms - 167[0m
[0mGET /users/profile/css/user_profile.css [33m404[0m 49.380 ms - 173[0m
[0mGET /users/profile/js/toggle_likes.js [33m404[0m 23.386 ms - 171[0m
[0mGET /users/profile/images/link-up-low-resolution-logo-black-on-white-background.png [33m404[0m 13.073 ms - 217[0m
[0mGET /users/profile/64593a53744103d170736dfb [36m304[0m 19.828 ms - -[0m
[0mGET /users/profile/css/bootstrap.min.css [33m404[0m 29.212 ms - 174[0m
[0mGET /users/profile/css/layout.css [33m404[0m 34.340 ms - 167[0m
[0mGET /users/profile/css/header.css [33m404[0m 28.072 ms - 167[0m
[0mGET /users/profile/css/footer.css [33m404[0m 28.054 ms - 167[0m
[0mGET /users/profile/css/user_profile.css [33m404[0m 34.252 ms - 173[0m
[0mGET /users/profile/js/toggle_likes.js [33m404[0m 10.656 ms - 171[0m
[0mGET /users/profile/images/link-up-low-resolution-logo-black-on-white-background.png [33m404[0m 12.515 ms - 217[0m
[0mGET /users/profile/64593a53744103d170736dfb [36m304[0m 13.848 ms - -[0m
[0mGET /users/profile/css/bootstrap.min.css [33m404[0m 18.296 ms - 174[0m
[0mGET /users/profile/css/layout.css [33m404[0m 22.466 ms - 167[0m
[0mGET /users/profile/css/header.css [33m404[0m 23.285 ms - 167[0m
[0mGET /users/profile/css/footer.css [33m404[0m 25.673 ms - 167[0m
[0mGET /users/profile/css/user_profile.css [33m404[0m 22.422 ms - 173[0m
[0mGET /users/profile/js/toggle_likes.js [33m404[0m 16.696 ms - 171[0m
[0mGET /users/profile/images/link-up-low-resolution-logo-black-on-white-background.png [33m404[0m 16.342 ms - 217[0m
[0mGET / [36m304[0m 63.512 ms - -[0m
[0mGET /css/chatbox.css [33m404[0m 16.125 ms - 154[0m
[0mGET /css/chatbox.css [33m404[0m 11.110 ms - 154[0m
[0mGET / [36m304[0m 18.896 ms - -[0m
[0mGET /css/chatbox.css [33m404[0m 7.567 ms - 154[0m
[0mGET /css/chatbox.css [33m404[0m 10.594 ms - 154[0m
[0mGET /users/sign-out [36m302[0m 10.447 ms - 46[0m
[0mGET / [32m200[0m 14.092 ms - 8303[0m
[0mGET /css/chatbox.css [33m404[0m 2.383 ms - 154[0m
[0mGET /css/chatbox.css [33m404[0m 2.943 ms - 154[0m
[0mGET /users/sign-in [36m304[0m 4.112 ms - -[0m
[0mGET /users/css/bootstrap.min.css [33m404[0m 9.253 ms - 166[0m
[0mGET /users/css/layout.css [33m404[0m 8.071 ms - 159[0m
[0mGET /users/css/footer.css [33m404[0m 10.679 ms - 159[0m
[0mGET /users/css/header.css [33m404[0m 13.476 ms - 159[0m
[0mGET /users/css/login.css [33m404[0m 9.612 ms - 158[0m
[0mGET /users/js/login.js [33m404[0m 4.536 ms - 156[0m
[0mGET /users/images/userImage.com.png [33m404[0m 3.754 ms - 169[0m
[0mGET /users/sign-in [36m304[0m 1.393 ms - -[0m
[0mGET /users/css/bootstrap.min.css [33m404[0m 11.993 ms - 166[0m
[0mGET /users/css/header.css [33m404[0m 10.575 ms - 159[0m
[0mGET /users/css/login.css [33m404[0m 12.264 ms - 158[0m
[0mGET /users/css/layout.css [33m404[0m 23.843 ms - 159[0m
[0mGET /users/css/footer.css [33m404[0m 21.841 ms - 159[0m
[0mGET /users/js/login.js [33m404[0m 2.611 ms - 156[0m
[0mGET /users/images/userImage.com.png [33m404[0m 2.028 ms - 169[0m
[0mGET /users/css/login.css [33m404[0m 5.052 ms - 158[0m
[0mGET /users/sign-in [36m304[0m 4.667 ms - -[0m
[0mGET /users/css/bootstrap.min.css [33m404[0m 8.813 ms - 166[0m
[0mGET /users/css/layout.css [33m404[0m 8.955 ms - 159[0m
[0mGET /users/css/header.css [33m404[0m 8.957 ms - 159[0m
[0mGET /users/css/footer.css [33m404[0m 11.040 ms - 159[0m
[0mGET /users/css/login.css [33m404[0m 11.591 ms - 158[0m
[0mGET /users/css/layout.css [33m404[0m 3.114 ms - 159[0m
[0mGET /users/js/login.js [33m404[0m 1.796 ms - 156[0m
[0mGET /users/images/userImage.com.png [33m404[0m 2.486 ms - 169[0m
[0mGET /users/css/login.css [33m404[0m 4.332 ms - 158[0m
[0mGET /users/sign-in [36m304[0m 4.646 ms - -[0m
[0mGET /users/css/bootstrap.min.css [33m404[0m 7.266 ms - 166[0m
[0mGET /users/css/layout.css [33m404[0m 7.468 ms - 159[0m
[0mGET /users/css/header.css [33m404[0m 10.430 ms - 159[0m
[0mGET /users/css/login.css [33m404[0m 11.712 ms - 158[0m
[0mGET /users/css/footer.css [33m404[0m 11.108 ms - 159[0m
[0mGET /users/css/layout.css [33m404[0m 5.965 ms - 159[0m
[0mGET /users/js/login.js [33m404[0m 4.996 ms - 156[0m
[0mGET /users/images/userImage.com.png [33m404[0m 5.874 ms - 169[0m
[0mGET /users/css/login.css [33m404[0m 5.077 ms - 158[0m
[0mGET /users/sign-in [36m304[0m 3.673 ms - -[0m
[0mGET /users/css/bootstrap.min.css [33m404[0m 9.002 ms - 166[0m
[0mGET /users/css/layout.css [33m404[0m 9.411 ms - 159[0m
[0mGET /users/css/header.css [33m404[0m 9.192 ms - 159[0m
[0mGET /users/css/footer.css [33m404[0m 8.134 ms - 159[0m
[0mGET /users/css/login.css [33m404[0m 7.914 ms - 158[0m
[0mGET /users/css/layout.css [33m404[0m 6.911 ms - 159[0m
[0mGET /users/js/login.js [33m404[0m 4.011 ms - 156[0m
[0mGET /users/images/userImage.com.png [33m404[0m 3.367 ms - 169[0m
[0mGET /users/css/login.css [33m404[0m 3.717 ms - 158[0m
[0mGET /users/sign-in [36m304[0m 4.318 ms - -[0m
[0mGET /users/css/bootstrap.min.css [33m404[0m 5.541 ms - 166[0m
[0mGET /users/css/layout.css [33m404[0m 11.724 ms - 159[0m
[0mGET /users/css/header.css [33m404[0m 9.274 ms - 159[0m
[0mGET /users/css/footer.css [33m404[0m 9.411 ms - 159[0m
[0mGET /users/css/login.css [33m404[0m 9.825 ms - 158[0m
[0mGET /users/js/login.js [33m404[0m 3.258 ms - 156[0m
[0mGET /users/css/login.css [33m404[0m 4.145 ms - 158[0m
[0mGET /users/images/userImage.com.png [33m404[0m 4.916 ms - 169[0m
[0mGET /users/sign-in [32m200[0m 51.957 ms - 5798[0m
[0mGET /users/css/bootstrap.min.css [33m404[0m 26.797 ms - 166[0m
[0mGET /users/css/layout.css [33m404[0m 26.064 ms - 159[0m
[0mGET /users/css/header.css [33m404[0m 32.900 ms - 159[0m
[0mGET /users/css/footer.css [33m404[0m 18.140 ms - 159[0m
[0mGET /users/css/login.css [33m404[0m 24.850 ms - 158[0m
[0mGET /users/js/login.js [33m404[0m 9.722 ms - 156[0m
[0mGET /users/images/userImage.com.png [33m404[0m 15.080 ms - 169[0m
[0mGET /users/sign-in [36m304[0m 5.554 ms - -[0m
[0mGET /users/css/bootstrap.min.css [33m404[0m 6.489 ms - 166[0m
[0mGET /users/css/layout.css [33m404[0m 6.566 ms - 159[0m
[0mGET /users/css/header.css [33m404[0m 6.293 ms - 159[0m
[0mGET /users/css/footer.css [33m404[0m 7.195 ms - 159[0m
[0mGET /users/css/login.css [33m404[0m 10.125 ms - 158[0m
[0mGET /users/css/layout.css [33m404[0m 2.186 ms - 159[0m
[0mGET /users/css/header.css [33m404[0m 2.758 ms - 159[0m
[0mGET /users/js/login.js [33m404[0m 3.931 ms - 156[0m
[0mGET /users/images/userImage.com.png [33m404[0m 4.624 ms - 169[0m
[0mGET /users/css/login.css [33m404[0m 3.576 ms - 158[0m
[0mGET /users/css/bootstrap.min.css [33m404[0m 18.522 ms - 166[0m
[0mGET /users/css/layout.css [33m404[0m 18.035 ms - 159[0m
[0mGET /users/css/header.css [33m404[0m 15.790 ms - 159[0m
[0mGET /users/css/footer.css [33m404[0m 16.203 ms - 159[0m
[0mGET /users/css/login.css [33m404[0m 16.292 ms - 158[0m
[0mGET /users/sign-in [36m304[0m 4.956 ms - -[0m
[0mGET /users/css/bootstrap.min.css [33m404[0m 10.957 ms - 166[0m
[0mGET /users/css/layout.css [33m404[0m 10.353 ms - 159[0m
[0mGET /users/css/header.css [33m404[0m 10.218 ms - 159[0m
[0mGET /users/css/footer.css [33m404[0m 10.078 ms - 159[0m
[0mGET /users/css/login.css [33m404[0m 11.538 ms - 158[0m
[0mGET /users/css/layout.css [33m404[0m 10.362 ms - 159[0m
[0mGET /users/css/header.css [33m404[0m 7.503 ms - 159[0m
[0mGET /users/css/footer.css [33m404[0m 10.119 ms - 159[0m
[0mGET /users/js/login.js [33m404[0m 3.959 ms - 156[0m
[0mGET /users/images/userImage.com.png [33m404[0m 4.036 ms - 169[0m
[0mGET /users/css/login.css [33m404[0m 6.897 ms - 158[0m
[0mGET /users/sign-in [36m304[0m 4.441 ms - -[0m
[0mGET /users/css/bootstrap.min.css [33m404[0m 8.598 ms - 166[0m
[0mGET /users/css/layout.css [33m404[0m 8.899 ms - 159[0m
[0mGET /users/css/header.css [33m404[0m 6.870 ms - 159[0m
[0mGET /users/css/footer.css [33m404[0m 8.423 ms - 159[0m
[0mGET /users/css/login.css [33m404[0m 9.988 ms - 158[0m
[0mGET /users/js/login.js [33m404[0m 2.647 ms - 156[0m
[0mGET /users/css/layout.css [33m404[0m 5.245 ms - 159[0m
[0mGET /users/css/header.css [33m404[0m 5.372 ms - 159[0m
[0mGET /users/css/footer.css [33m404[0m 6.094 ms - 159[0m
[0mGET /users/images/userImage.com.png [33m404[0m 2.441 ms - 169[0m
[0mGET /users/css/login.css [33m404[0m 3.663 ms - 158[0m
[0mGET /users/sign-in [36m304[0m 4.956 ms - -[0m
[0mGET /users/css/bootstrap.min.css [33m404[0m 3.842 ms - 166[0m
[0mGET /users/css/layout.css [33m404[0m 12.857 ms - 159[0m
[0mGET /users/css/header.css [33m404[0m 8.533 ms - 159[0m
[0mGET /users/css/footer.css [33m404[0m 8.907 ms - 159[0m
[0mGET /users/css/login.css [33m404[0m 9.911 ms - 158[0m
[0mGET /users/js/login.js [33m404[0m 3.688 ms - 156[0m
[0mGET /users/images/userImage.com.png [33m404[0m 4.875 ms - 169[0m
[0mGET /users/css/login.css [33m404[0m 5.335 ms - 158[0m
[0mGET /users/sign-in [36m304[0m 23.890 ms - -[0m
[0mGET /users/css/layout.css [33m404[0m 20.389 ms - 159[0m
[0mGET /users/css/bootstrap.min.css [33m404[0m 19.683 ms - 166[0m
[0mGET /users/css/header.css [33m404[0m 13.916 ms - 159[0m
[0mGET /users/css/footer.css [33m404[0m 14.110 ms - 159[0m
[0mGET /users/css/login.css [33m404[0m 16.921 ms - 158[0m
[0mGET /users/css/layout.css [33m404[0m 2.392 ms - 159[0m
[0mGET /users/js/login.js [33m404[0m 3.383 ms - 156[0m
[0mGET /users/images/userImage.com.png [33m404[0m 2.897 ms - 169[0m
[0mGET /users/css/login.css [33m404[0m 4.424 ms - 158[0m
[0mGET /users/sign-in [36m304[0m 5.919 ms - -[0m
[0mGET /users/css/bootstrap.min.css [33m404[0m 5.639 ms - 166[0m
[0mGET /users/css/layout.css [33m404[0m 5.311 ms - 159[0m
[0mGET /users/css/header.css [33m404[0m 5.823 ms - 159[0m
[0mGET /users/css/footer.css [33m404[0m 7.583 ms - 159[0m
[0mGET /users/css/login.css [33m404[0m 9.213 ms - 158[0m
[0mGET /users/js/login.js [33m404[0m 2.294 ms - 156[0m
[0mGET /users/css/layout.css [33m404[0m 4.110 ms - 159[0m
[0mGET /users/css/header.css [33m404[0m 5.863 ms - 159[0m
[0mGET /users/css/footer.css [33m404[0m 4.530 ms - 159[0m
[0mGET /users/images/userImage.com.png [33m404[0m 2.914 ms - 169[0m
[0mGET /users/css/login.css [33m404[0m 2.695 ms - 158[0m
[0mGET /users/sign-in [36m304[0m 4.127 ms - -[0m
[0mGET /users/css/bootstrap.min.css [33m404[0m 4.274 ms - 166[0m
[0mGET /users/css/layout.css [33m404[0m 4.260 ms - 159[0m
[0mGET /users/css/header.css [33m404[0m 4.284 ms - 159[0m
[0mGET /users/css/footer.css [33m404[0m 4.882 ms - 159[0m
[0mGET /users/css/login.css [33m404[0m 7.146 ms - 158[0m
[0mGET /users/css/layout.css [33m404[0m 2.059 ms - 159[0m
[0mGET /users/js/login.js [33m404[0m 1.932 ms - 156[0m
[0mGET /users/images/userImage.com.png [33m404[0m 3.438 ms - 169[0m
[0mGET /users/css/login.css [33m404[0m 2.276 ms - 158[0m
[0mGET /users/sign-in [36m304[0m 3.774 ms - -[0m
[0mGET /users/css/bootstrap.min.css [33m404[0m 6.510 ms - 166[0m
[0mGET /users/css/login.css [33m404[0m 6.793 ms - 158[0m
[0mGET /users/css/layout.css [33m404[0m 8.786 ms - 159[0m
[0mGET /users/css/header.css [33m404[0m 9.043 ms - 159[0m
[0mGET /users/css/footer.css [33m404[0m 9.434 ms - 159[0m
[0mGET /users/js/login.js [33m404[0m 4.598 ms - 156[0m
[0mGET /users/images/userImage.com.png [33m404[0m 7.500 ms - 169[0m
[0mGET /users/css/login.css [33m404[0m 5.131 ms - 158[0m
[0mPOST /users/create-session [36m302[0m 14.593 ms - 46[0m
[0mGET / [32m200[0m 35.690 ms - 11486[0m
[0mGET /css/chatbox.css [33m404[0m 11.183 ms - 154[0m
[0mGET /css/chatbox.css [33m404[0m 13.041 ms - 154[0m
[0mPOST /comments/create [32m200[0m 27.698 ms - 412[0m
[0mGET / [32m200[0m 76.910 ms - 12553[0m
[0mGET /css/chatbox.css [33m404[0m 19.677 ms - 154[0m
[0mGET /css/chatbox.css [33m404[0m 10.152 ms - 154[0m
[0mGET / [36m304[0m 28.128 ms - -[0m
[0mGET /css/chatbox.css [33m404[0m 11.432 ms - 154[0m
[0mGET /css/chatbox.css [33m404[0m 8.199 ms - 154[0m
[0mGET / [36m304[0m 30.301 ms - -[0m
[0mGET /css/chatbox.css [33m404[0m 10.603 ms - 154[0m
[0mGET /css/chatbox.css [33m404[0m 9.433 ms - 154[0m
[0mGET / [36m304[0m 27.958 ms - -[0m
[0mGET /css/chatbox.css [33m404[0m 7.998 ms - 154[0m
[0mGET /css/chatbox.css [33m404[0m 12.356 ms - 154[0m
[0mGET / [36m304[0m 30.763 ms - -[0m
[0mGET /css/chatbox.css [33m404[0m 8.612 ms - 154[0m
[0mGET / [36m304[0m 36.191 ms - -[0m
[0mGET /css/chatbox.css [33m404[0m 10.276 ms - 154[0m
[0mGET /css/chatbox.css [33m404[0m 10.162 ms - 154[0m
[0mGET / [36m304[0m 27.476 ms - -[0m
[0mGET /css/chatbox.css [33m404[0m 11.717 ms - 154[0m
[0mGET /users/sign-out [36m302[0m 11.725 ms - 46[0m
[0mGET / [32m200[0m 16.195 ms - 8710[0m
[0mGET /css/chatbox.css [33m404[0m 4.922 ms - 154[0m
[0mGET /users/sign-in [36m304[0m 7.916 ms - -[0m
[0mGET /users/css/bootstrap.min.css [33m404[0m 7.072 ms - 166[0m
[0mGET /users/css/layout.css [33m404[0m 6.749 ms - 159[0m
[0mGET /users/css/header.css [33m404[0m 6.801 ms - 159[0m
[0mGET /users/css/footer.css [33m404[0m 5.388 ms - 159[0m
[0mGET /users/css/login.css [33m404[0m 9.236 ms - 158[0m
[0mGET /users/js/login.js [33m404[0m 2.696 ms - 156[0m
[0mGET /users/images/userImage.com.png [33m404[0m 1.811 ms - 169[0m
[0mPOST /users/create-session [36m302[0m 8.094 ms - 46[0m
[0mGET / [32m200[0m 23.149 ms - 12847[0m
[0mGET /css/chatbox.css [33m404[0m 5.328 ms - 154[0m
[0mGET / [32m200[0m 26.680 ms - 12553[0m
[0mGET /css/chatbox.css [33m404[0m 10.066 ms - 154[0m
[0mGET /css/chatbox.css [33m404[0m 5.480 ms - 154[0m
[0mGET / [36m304[0m 32.492 ms - -[0m
[0mGET /css/chatbox.css [33m404[0m 7.466 ms - 154[0m
[0mGET /css/chatbox.css [33m404[0m 5.560 ms - 154[0m
[0mPOST /posts/create [32m200[0m 19.072 ms - 351[0m
[0mPOST /comments/create [32m200[0m 19.052 ms - 415[0m
[0mGET /comments/destroy/64bff2179bf28cef2a62efd7 [36m302[0m 11.622 ms - 88[0m
[0mGET / [32m200[0m 26.816 ms - 15489[0m
[0mGET /css/chatbox.css [33m404[0m 5.784 ms - 154[0m
[0mGET /css/chatbox.css [33m404[0m 9.588 ms - 154[0m
[0mGET /posts/destroy/64bff2129bf28cef2a62efd2 [36m302[0m 15.815 ms - 88[0m
[0mGET / [32m200[0m 32.799 ms - 12862[0m
[0mGET /css/chatbox.css [33m404[0m 9.043 ms - 154[0m
[0mGET /css/chatbox.css [33m404[0m 8.020 ms - 154[0m
[0mGET / [32m200[0m 63.997 ms - 12553[0m
[0mGET /css/chatbox.css [33m404[0m 23.969 ms - 154[0m
[0mGET /css/chatbox.css [33m404[0m 7.840 ms - 154[0m
[0mGET / [36m304[0m 36.759 ms - -[0m
[0mGET /css/chatbox.css [33m404[0m 11.546 ms - 154[0m
[0mGET /css/chatbox.css [33m404[0m 11.450 ms - 154[0m
[0mGET / [36m304[0m 33.921 ms - -[0m
[0mGET /css/chatbox.css [33m404[0m 11.123 ms - 154[0m
[0mGET /css/chatbox.css [33m404[0m 10.114 ms - 154[0m
[0mGET / [36m304[0m 27.617 ms - -[0m
[0mGET /css/chatbox.css [33m404[0m 4.670 ms - 154[0m
[0mGET / [36m304[0m 25.418 ms - -[0m
[0mGET /css/chatbox.css [33m404[0m 6.473 ms - 154[0m
[0mGET / [36m304[0m 29.720 ms - -[0m
[0mGET /css/chatbox.css [33m404[0m 6.730 ms - 154[0m
[0mGET / [36m304[0m 30.197 ms - -[0m
[0mGET /css/chatbox.css [33m404[0m 5.493 ms - 154[0m
[0mGET / [32m200[0m 76.289 ms - 12489[0m
[0mGET /css/chatbox.css [33m404[0m 12.698 ms - 154[0m
[0mGET /css/chatbox.css [33m404[0m 8.916 ms - 154[0m
[0mGET / [36m304[0m 33.825 ms - -[0m
[0mGET /css/chatbox.css [33m404[0m 7.071 ms - 154[0m
[0mGET /css/chatbox.css [33m404[0m 7.239 ms - 154[0m
[0mGET /users/profile/6485b44969f1228f7e737ddc [32m200[0m 12.814 ms - 4346[0m
[0mGET /users/profile/css/bootstrap.min.css [33m404[0m 16.259 ms - 174[0m
[0mGET /users/profile/css/layout.css [33m404[0m 14.156 ms - 167[0m
[0mGET /users/profile/css/header.css [33m404[0m 14.730 ms - 167[0m
[0mGET /users/profile/css/footer.css [33m404[0m 15.782 ms - 167[0m
[0mGET /users/profile/css/user_profile.css [33m404[0m 27.911 ms - 173[0m
[0mGET /users/profile/js/toggle_likes.js [33m404[0m 8.214 ms - 171[0m
[0mGET /users/profile/images/link-up-low-resolution-logo-black-on-white-background.png [33m404[0m 5.302 ms - 217[0m
[0mGET /users/sign-out [36m302[0m 13.207 ms - 46[0m
[0mGET / [32m200[0m 23.441 ms - 8646[0m
[0mGET /css/chatbox.css [33m404[0m 2.364 ms - 154[0m
[0mGET /css/chatbox.css [33m404[0m 1.996 ms - 154[0m
[0mGET /users/profile/6485b44969f1228f7e737ddc [36m302[0m 4.702 ms - 72[0m
[0mGET /users/sign-in [36m304[0m 4.180 ms - -[0m
[0mGET /users/css/bootstrap.min.css [33m404[0m 11.798 ms - 166[0m
[0mGET /users/css/layout.css [33m404[0m 7.293 ms - 159[0m
[0mGET /users/css/header.css [33m404[0m 5.590 ms - 159[0m
[0mGET /users/css/footer.css [33m404[0m 5.774 ms - 159[0m
[0mGET /users/css/login.css [33m404[0m 8.992 ms - 158[0m
[0mGET /users/js/login.js [33m404[0m 5.679 ms - 156[0m
[0mGET /users/css/login.css [33m404[0m 4.157 ms - 158[0m
[0mGET /users/images/userImage.com.png [33m404[0m 4.582 ms - 169[0m
[0mPOST /users/create-session [36m302[0m 6.996 ms - 46[0m
[0mGET / [32m200[0m 28.675 ms - 12783[0m
[0mGET /css/chatbox.css [33m404[0m 8.448 ms - 154[0m
[0mGET /users/profile/64593a53744103d170736dfb [32m200[0m 11.021 ms - 3979[0m
[0mGET /users/profile/css/bootstrap.min.css [33m404[0m 14.099 ms - 174[0m
[0mGET /users/profile/css/layout.css [33m404[0m 13.997 ms - 167[0m
[0mGET /users/profile/css/header.css [33m404[0m 10.952 ms - 167[0m
[0mGET /users/profile/css/footer.css [33m404[0m 15.193 ms - 167[0m
[0mGET /users/profile/css/user_profile.css [33m404[0m 16.012 ms - 173[0m
[0mGET /users/profile/css/layout.css [33m404[0m 4.024 ms - 167[0m
[0mGET /users/profile/js/toggle_likes.js [33m404[0m 5.320 ms - 171[0m
[0mGET /users/profile/images/link-up-low-resolution-logo-black-on-white-background.png [33m404[0m 3.951 ms - 217[0m
[0mGET /users/profile/css/user_profile.css [33m404[0m 7.025 ms - 173[0m
[0mGET /users/profile/css/bootstrap.min.css [33m404[0m 13.625 ms - 174[0m
[0mGET /users/profile/css/header.css [33m404[0m 13.424 ms - 167[0m
[0mGET /users/profile/css/layout.css [33m404[0m 17.688 ms - 167[0m
[0mGET /users/profile/css/footer.css [33m404[0m 18.029 ms - 167[0m
[0mGET /users/profile/css/user_profile.css [33m404[0m 18.405 ms - 173[0m
[0mGET /users/profile/64593a53744103d170736dfb [36m304[0m 13.512 ms - -[0m
[0mGET /users/profile/css/bootstrap.min.css [33m404[0m 20.623 ms - 174[0m
[0mGET /users/profile/css/layout.css [33m404[0m 17.923 ms - 167[0m
[0mGET /users/profile/css/header.css [33m404[0m 18.801 ms - 167[0m
[0mGET /users/profile/css/footer.css [33m404[0m 20.537 ms - 167[0m
[0mGET /users/profile/css/user_profile.css [33m404[0m 20.757 ms - 173[0m
[0mGET /users/profile/js/toggle_likes.js [33m404[0m 6.255 ms - 171[0m
[0mGET /users/profile/images/link-up-low-resolution-logo-black-on-white-background.png [33m404[0m 13.118 ms - 217[0m
[0mGET /users/profile/css/layout.css [33m404[0m 14.248 ms - 167[0m
[0mGET /users/profile/css/header.css [33m404[0m 14.480 ms - 167[0m
[0mGET /users/profile/css/footer.css [33m404[0m 14.093 ms - 167[0m
[0mGET /users/profile/css/user_profile.css [33m404[0m 4.708 ms - 173[0m
[0mGET /users/profile/css/user_profile.css [33m404[0m 6.067 ms - 173[0m
[0mGET /users/profile/js/toggle_likes.js [33m404[0m 7.701 ms - 171[0m
[0mGET /users/profile/css/bootstrap.min.css [33m404[0m 15.572 ms - 174[0m
[0mGET /users/profile/css/layout.css [33m404[0m 14.564 ms - 167[0m
[0mGET /users/profile/css/header.css [33m404[0m 16.892 ms - 167[0m
[0mGET /users/profile/css/footer.css [33m404[0m 18.037 ms - 167[0m
[0mGET /users/profile/css/user_profile.css [33m404[0m 18.293 ms - 173[0m
[0mGET /users/profile/js/toggle_likes.js [33m404[0m 3.478 ms - 171[0m
[0mGET /users/profile/images/link-up-low-resolution-logo-black-on-white-background.png [33m404[0m 5.238 ms - 217[0m
[0mGET /users/profile/css/user_profile.css [33m404[0m 11.763 ms - 173[0m
[0mGET /favicon.ico [33m404[0m 7.255 ms - 150[0m
[0mGET / [32m200[0m 25.440 ms - 12489[0m
[0mGET /css/chatbox.css [33m404[0m 5.146 ms - 154[0m
[0mGET /css/chatbox.css [33m404[0m 5.346 ms - 154[0m
[0mGET / [36m304[0m 96.975 ms - -[0m
[0mGET /css/chatbox.css [33m404[0m 21.954 ms - 154[0m
[0mGET /css/chatbox.css [33m404[0m 6.995 ms - 154[0m
[0mGET / [36m304[0m 61.303 ms - -[0m
[0mGET /css/chatbox.css [33m404[0m 18.199 ms - 154[0m
[0mGET /css/chatbox.css [33m404[0m 7.130 ms - 154[0m
[0mGET /users/profile/64593a53744103d170736dfb [36m304[0m 12.422 ms - -[0m
[0mGET /users/profile/css/bootstrap.min.css [33m404[0m 16.594 ms - 174[0m
[0mGET /users/profile/css/layout.css [33m404[0m 13.116 ms - 167[0m
[0mGET /users/profile/css/header.css [33m404[0m 12.360 ms - 167[0m
[0mGET /users/profile/css/footer.css [33m404[0m 12.115 ms - 167[0m
[0mGET /users/profile/css/user_profile.css [33m404[0m 23.255 ms - 173[0m
[0mGET /users/profile/js/toggle_likes.js [33m404[0m 10.845 ms - 171[0m
[0mGET /users/profile/images/link-up-low-resolution-logo-black-on-white-background.png [33m404[0m 7.402 ms - 217[0m
[0mGET / [36m304[0m 75.115 ms - -[0m
[0mGET /css/chatbox.css [33m404[0m 18.102 ms - 154[0m
[0mGET /users/profile/64593a53744103d170736dfb [36m304[0m 15.197 ms - -[0m
[0mGET /users/profile/css/bootstrap.min.css [33m404[0m 16.973 ms - 174[0m
[0mGET /users/profile/css/user_profile.css [33m404[0m 14.276 ms - 173[0m
[0mGET /users/profile/css/layout.css [33m404[0m 14.269 ms - 167[0m
[0mGET /users/profile/css/header.css [33m404[0m 14.857 ms - 167[0m
[0mGET /users/profile/css/footer.css [33m404[0m 23.721 ms - 167[0m
[0mGET /users/profile/js/toggle_likes.js [33m404[0m 8.090 ms - 171[0m
[0mGET /users/profile/images/link-up-low-resolution-logo-black-on-white-background.png [33m404[0m 7.694 ms - 217[0m
[0mGET /users/profile/css/user_profile.css [33m404[0m 7.284 ms - 173[0m
[0mGET /users/profile/64593a53744103d170736dfb [36m304[0m 36.206 ms - -[0m
[0mGET /users/profile/css/bootstrap.min.css [33m404[0m 19.878 ms - 174[0m
[0mGET /users/profile/css/layout.css [33m404[0m 19.124 ms - 167[0m
[0mGET /users/profile/css/header.css [33m404[0m 20.545 ms - 167[0m
[0mGET /users/profile/css/footer.css [33m404[0m 20.877 ms - 167[0m
[0mGET /users/profile/css/user_profile.css [33m404[0m 30.258 ms - 173[0m
[0mGET /users/profile/js/toggle_likes.js [33m404[0m 4.337 ms - 171[0m
[0mGET /users/profile/images/link-up-low-resolution-logo-black-on-white-background.png [33m404[0m 9.005 ms - 217[0m
[0mGET /users/profile/css/user_profile.css [33m404[0m 10.095 ms - 173[0m
[0mGET / [36m304[0m 40.625 ms - -[0m
[0mGET /css/chatbox.css [33m404[0m 7.576 ms - 154[0m
[0mGET /css/chatbox.css [33m404[0m 8.575 ms - 154[0m
